[2022-03-10 21:38:37] local.ERROR: Illuminate\Database\Connection::prepareBindings(): Argument #1 ($bindings) must be of type array, string given, called in /opt/lampp/htdocs/chalenge/vendor/illuminate/database/Connection.php on line 371 {"exception":"[object] (TypeError(code: 0): Illuminate\\Database\\Connection::prepareBindings(): Argument #1 ($bindings) must be of type array, string given, called in /opt/lampp/htdocs/chalenge/vendor/illuminate/database/Connection.php on line 371 at /opt/lampp/htdocs/chalenge/vendor/illuminate/database/Connection.php:630)
[stacktrace]
#0 /opt/lampp/htdocs/chalenge/vendor/illuminate/database/Connection.php(371): Illuminate\\Database\\Connection->prepareBindings()
#1 /opt/lampp/htdocs/chalenge/vendor/illuminate/database/Connection.php(705): Illuminate\\Database\\Connection->Illuminate\\Database\\{closure}()
#2 /opt/lampp/htdocs/chalenge/vendor/illuminate/database/Connection.php(672): Illuminate\\Database\\Connection->runQueryCallback()
#3 /opt/lampp/htdocs/chalenge/vendor/illuminate/database/Connection.php(376): Illuminate\\Database\\Connection->run()
#4 /opt/lampp/htdocs/chalenge/vendor/illuminate/database/DatabaseManager.php(442): Illuminate\\Database\\Connection->select()
#5 /opt/lampp/htdocs/chalenge/vendor/illuminate/support/Facades/Facade.php(261): Illuminate\\Database\\DatabaseManager->__call()
#6 /opt/lampp/htdocs/chalenge/app/Http/Controllers/EleveController.php(71): Illuminate\\Support\\Facades\\Facade::__callStatic()
#7 /opt/lampp/htdocs/chalenge/vendor/illuminate/container/BoundMethod.php(36): App\\Http\\Controllers\\EleveController->RFID()
#8 /opt/lampp/htdocs/chalenge/vendor/illuminate/container/Util.php(40): Illuminate\\Container\\BoundMethod::Illuminate\\Container\\{closure}()
#9 /opt/lampp/htdocs/chalenge/vendor/illuminate/container/BoundMethod.php(93): Illuminate\\Container\\Util::unwrapIfClosure()
#10 /opt/lampp/htdocs/chalenge/vendor/illuminate/container/BoundMethod.php(37): Illuminate\\Container\\BoundMethod::callBoundMethod()
#11 /opt/lampp/htdocs/chalenge/vendor/illuminate/container/Container.php(653): Illuminate\\Container\\BoundMethod::call()
#12 /opt/lampp/htdocs/chalenge/vendor/laravel/lumen-framework/src/Concerns/RoutesRequests.php(389): Illuminate\\Container\\Container->call()
#13 /opt/lampp/htdocs/chalenge/vendor/laravel/lumen-framework/src/Concerns/RoutesRequests.php(355): Laravel\\Lumen\\Application->callControllerCallable()
#14 /opt/lampp/htdocs/chalenge/vendor/laravel/lumen-framework/src/Concerns/RoutesRequests.php(329): Laravel\\Lumen\\Application->callLumenController()
#15 /opt/lampp/htdocs/chalenge/vendor/laravel/lumen-framework/src/Concerns/RoutesRequests.php(282): Laravel\\Lumen\\Application->callControllerAction()
#16 /opt/lampp/htdocs/chalenge/vendor/laravel/lumen-framework/src/Concerns/RoutesRequests.php(267): Laravel\\Lumen\\Application->callActionOnArrayBasedRoute()
#17 /opt/lampp/htdocs/chalenge/vendor/laravel/lumen-framework/src/Concerns/RoutesRequests.php(169): Laravel\\Lumen\\Application->handleFoundRoute()
#18 /opt/lampp/htdocs/chalenge/vendor/laravel/lumen-framework/src/Routing/Pipeline.php(48): Laravel\\Lumen\\Application->Laravel\\Lumen\\Concerns\\{closure}()
#19 /opt/lampp/htdocs/chalenge/app/Http/Middleware/CORS.php(32): Laravel\\Lumen\\Routing\\Pipeline->Laravel\\Lumen\\Routing\\{closure}()
#20 /opt/lampp/htdocs/chalenge/vendor/illuminate/pipeline/Pipeline.php(167): App\\Http\\Middleware\\CORS->handle()
#21 /opt/lampp/htdocs/chalenge/vendor/laravel/lumen-framework/src/Routing/Pipeline.php(30): Illuminate\\Pipeline\\Pipeline->Illuminate\\Pipeline\\{closure}()
#22 /opt/lampp/htdocs/chalenge/app/Http/Middleware/ExampleMiddleware.php(18): Laravel\\Lumen\\Routing\\Pipeline->Laravel\\Lumen\\Routing\\{closure}()
#23 /opt/lampp/htdocs/chalenge/vendor/illuminate/pipeline/Pipeline.php(167): App\\Http\\Middleware\\ExampleMiddleware->handle()
#24 /opt/lampp/htdocs/chalenge/vendor/laravel/lumen-framework/src/Routing/Pipeline.php(30): Illuminate\\Pipeline\\Pipeline->Illuminate\\Pipeline\\{closure}()
#25 /opt/lampp/htdocs/chalenge/vendor/illuminate/pipeline/Pipeline.php(103): Laravel\\Lumen\\Routing\\Pipeline->Laravel\\Lumen\\Routing\\{closure}()
#26 /opt/lampp/htdocs/chalenge/vendor/laravel/lumen-framework/src/Concerns/RoutesRequests.php(426): Illuminate\\Pipeline\\Pipeline->then()
#27 /opt/lampp/htdocs/chalenge/vendor/laravel/lumen-framework/src/Concerns/RoutesRequests.php(175): Laravel\\Lumen\\Application->sendThroughPipeline()
#28 /opt/lampp/htdocs/chalenge/vendor/laravel/lumen-framework/src/Concerns/RoutesRequests.php(112): Laravel\\Lumen\\Application->dispatch()
#29 /opt/lampp/htdocs/chalenge/public/index.php(28): Laravel\\Lumen\\Application->run()
#30 {main}
"} 
[2022-03-10 21:39:19] local.ERROR: Illuminate\Database\Connection::prepareBindings(): Argument #1 ($bindings) must be of type array, string given, called in /opt/lampp/htdocs/chalenge/vendor/illuminate/database/Connection.php on line 371 {"exception":"[object] (TypeError(code: 0): Illuminate\\Database\\Connection::prepareBindings(): Argument #1 ($bindings) must be of type array, string given, called in /opt/lampp/htdocs/chalenge/vendor/illuminate/database/Connection.php on line 371 at /opt/lampp/htdocs/chalenge/vendor/illuminate/database/Connection.php:630)
[stacktrace]
#0 /opt/lampp/htdocs/chalenge/vendor/illuminate/database/Connection.php(371): Illuminate\\Database\\Connection->prepareBindings()
#1 /opt/lampp/htdocs/chalenge/vendor/illuminate/database/Connection.php(705): Illuminate\\Database\\Connection->Illuminate\\Database\\{closure}()
#2 /opt/lampp/htdocs/chalenge/vendor/illuminate/database/Connection.php(672): Illuminate\\Database\\Connection->runQueryCallback()
#3 /opt/lampp/htdocs/chalenge/vendor/illuminate/database/Connection.php(376): Illuminate\\Database\\Connection->run()
#4 /opt/lampp/htdocs/chalenge/vendor/illuminate/database/DatabaseManager.php(442): Illuminate\\Database\\Connection->select()
#5 /opt/lampp/htdocs/chalenge/vendor/illuminate/support/Facades/Facade.php(261): Illuminate\\Database\\DatabaseManager->__call()
#6 /opt/lampp/htdocs/chalenge/app/Http/Controllers/EleveController.php(71): Illuminate\\Support\\Facades\\Facade::__callStatic()
#7 /opt/lampp/htdocs/chalenge/vendor/illuminate/container/BoundMethod.php(36): App\\Http\\Controllers\\EleveController->RFID()
#8 /opt/lampp/htdocs/chalenge/vendor/illuminate/container/Util.php(40): Illuminate\\Container\\BoundMethod::Illuminate\\Container\\{closure}()
#9 /opt/lampp/htdocs/chalenge/vendor/illuminate/container/BoundMethod.php(93): Illuminate\\Container\\Util::unwrapIfClosure()
#10 /opt/lampp/htdocs/chalenge/vendor/illuminate/container/BoundMethod.php(37): Illuminate\\Container\\BoundMethod::callBoundMethod()
#11 /opt/lampp/htdocs/chalenge/vendor/illuminate/container/Container.php(653): Illuminate\\Container\\BoundMethod::call()
#12 /opt/lampp/htdocs/chalenge/vendor/laravel/lumen-framework/src/Concerns/RoutesRequests.php(389): Illuminate\\Container\\Container->call()
#13 /opt/lampp/htdocs/chalenge/vendor/laravel/lumen-framework/src/Concerns/RoutesRequests.php(355): Laravel\\Lumen\\Application->callControllerCallable()
#14 /opt/lampp/htdocs/chalenge/vendor/laravel/lumen-framework/src/Concerns/RoutesRequests.php(329): Laravel\\Lumen\\Application->callLumenController()
#15 /opt/lampp/htdocs/chalenge/vendor/laravel/lumen-framework/src/Concerns/RoutesRequests.php(282): Laravel\\Lumen\\Application->callControllerAction()
#16 /opt/lampp/htdocs/chalenge/vendor/laravel/lumen-framework/src/Concerns/RoutesRequests.php(267): Laravel\\Lumen\\Application->callActionOnArrayBasedRoute()
#17 /opt/lampp/htdocs/chalenge/vendor/laravel/lumen-framework/src/Concerns/RoutesRequests.php(169): Laravel\\Lumen\\Application->handleFoundRoute()
#18 /opt/lampp/htdocs/chalenge/vendor/laravel/lumen-framework/src/Routing/Pipeline.php(48): Laravel\\Lumen\\Application->Laravel\\Lumen\\Concerns\\{closure}()
#19 /opt/lampp/htdocs/chalenge/app/Http/Middleware/CORS.php(32): Laravel\\Lumen\\Routing\\Pipeline->Laravel\\Lumen\\Routing\\{closure}()
#20 /opt/lampp/htdocs/chalenge/vendor/illuminate/pipeline/Pipeline.php(167): App\\Http\\Middleware\\CORS->handle()
#21 /opt/lampp/htdocs/chalenge/vendor/laravel/lumen-framework/src/Routing/Pipeline.php(30): Illuminate\\Pipeline\\Pipeline->Illuminate\\Pipeline\\{closure}()
#22 /opt/lampp/htdocs/chalenge/app/Http/Middleware/ExampleMiddleware.php(18): Laravel\\Lumen\\Routing\\Pipeline->Laravel\\Lumen\\Routing\\{closure}()
#23 /opt/lampp/htdocs/chalenge/vendor/illuminate/pipeline/Pipeline.php(167): App\\Http\\Middleware\\ExampleMiddleware->handle()
#24 /opt/lampp/htdocs/chalenge/vendor/laravel/lumen-framework/src/Routing/Pipeline.php(30): Illuminate\\Pipeline\\Pipeline->Illuminate\\Pipeline\\{closure}()
#25 /opt/lampp/htdocs/chalenge/vendor/illuminate/pipeline/Pipeline.php(103): Laravel\\Lumen\\Routing\\Pipeline->Laravel\\Lumen\\Routing\\{closure}()
#26 /opt/lampp/htdocs/chalenge/vendor/laravel/lumen-framework/src/Concerns/RoutesRequests.php(426): Illuminate\\Pipeline\\Pipeline->then()
#27 /opt/lampp/htdocs/chalenge/vendor/laravel/lumen-framework/src/Concerns/RoutesRequests.php(175): Laravel\\Lumen\\Application->sendThroughPipeline()
#28 /opt/lampp/htdocs/chalenge/vendor/laravel/lumen-framework/src/Concerns/RoutesRequests.php(112): Laravel\\Lumen\\Application->dispatch()
#29 /opt/lampp/htdocs/chalenge/public/index.php(28): Laravel\\Lumen\\Application->run()
#30 {main}
"} 
[2022-03-10 21:40:54] local.ERROR: Illuminate\Database\Connection::prepareBindings(): Argument #1 ($bindings) must be of type array, string given, called in /opt/lampp/htdocs/chalenge/vendor/illuminate/database/Connection.php on line 371 {"exception":"[object] (TypeError(code: 0): Illuminate\\Database\\Connection::prepareBindings(): Argument #1 ($bindings) must be of type array, string given, called in /opt/lampp/htdocs/chalenge/vendor/illuminate/database/Connection.php on line 371 at /opt/lampp/htdocs/chalenge/vendor/illuminate/database/Connection.php:630)
[stacktrace]
#0 /opt/lampp/htdocs/chalenge/vendor/illuminate/database/Connection.php(371): Illuminate\\Database\\Connection->prepareBindings()
#1 /opt/lampp/htdocs/chalenge/vendor/illuminate/database/Connection.php(705): Illuminate\\Database\\Connection->Illuminate\\Database\\{closure}()
#2 /opt/lampp/htdocs/chalenge/vendor/illuminate/database/Connection.php(672): Illuminate\\Database\\Connection->runQueryCallback()
#3 /opt/lampp/htdocs/chalenge/vendor/illuminate/database/Connection.php(376): Illuminate\\Database\\Connection->run()
#4 /opt/lampp/htdocs/chalenge/vendor/illuminate/database/DatabaseManager.php(442): Illuminate\\Database\\Connection->select()
#5 /opt/lampp/htdocs/chalenge/vendor/illuminate/support/Facades/Facade.php(261): Illuminate\\Database\\DatabaseManager->__call()
#6 /opt/lampp/htdocs/chalenge/app/Http/Controllers/EleveController.php(70): Illuminate\\Support\\Facades\\Facade::__callStatic()
#7 /opt/lampp/htdocs/chalenge/vendor/illuminate/container/BoundMethod.php(36): App\\Http\\Controllers\\EleveController->RFID()
#8 /opt/lampp/htdocs/chalenge/vendor/illuminate/container/Util.php(40): Illuminate\\Container\\BoundMethod::Illuminate\\Container\\{closure}()
#9 /opt/lampp/htdocs/chalenge/vendor/illuminate/container/BoundMethod.php(93): Illuminate\\Container\\Util::unwrapIfClosure()
#10 /opt/lampp/htdocs/chalenge/vendor/illuminate/container/BoundMethod.php(37): Illuminate\\Container\\BoundMethod::callBoundMethod()
#11 /opt/lampp/htdocs/chalenge/vendor/illuminate/container/Container.php(653): Illuminate\\Container\\BoundMethod::call()
#12 /opt/lampp/htdocs/chalenge/vendor/laravel/lumen-framework/src/Concerns/RoutesRequests.php(389): Illuminate\\Container\\Container->call()
#13 /opt/lampp/htdocs/chalenge/vendor/laravel/lumen-framework/src/Concerns/RoutesRequests.php(355): Laravel\\Lumen\\Application->callControllerCallable()
#14 /opt/lampp/htdocs/chalenge/vendor/laravel/lumen-framework/src/Concerns/RoutesRequests.php(329): Laravel\\Lumen\\Application->callLumenController()
#15 /opt/lampp/htdocs/chalenge/vendor/laravel/lumen-framework/src/Concerns/RoutesRequests.php(282): Laravel\\Lumen\\Application->callControllerAction()
#16 /opt/lampp/htdocs/chalenge/vendor/laravel/lumen-framework/src/Concerns/RoutesRequests.php(267): Laravel\\Lumen\\Application->callActionOnArrayBasedRoute()
#17 /opt/lampp/htdocs/chalenge/vendor/laravel/lumen-framework/src/Concerns/RoutesRequests.php(169): Laravel\\Lumen\\Application->handleFoundRoute()
#18 /opt/lampp/htdocs/chalenge/vendor/laravel/lumen-framework/src/Routing/Pipeline.php(48): Laravel\\Lumen\\Application->Laravel\\Lumen\\Concerns\\{closure}()
#19 /opt/lampp/htdocs/chalenge/app/Http/Middleware/CORS.php(32): Laravel\\Lumen\\Routing\\Pipeline->Laravel\\Lumen\\Routing\\{closure}()
#20 /opt/lampp/htdocs/chalenge/vendor/illuminate/pipeline/Pipeline.php(167): App\\Http\\Middleware\\CORS->handle()
#21 /opt/lampp/htdocs/chalenge/vendor/laravel/lumen-framework/src/Routing/Pipeline.php(30): Illuminate\\Pipeline\\Pipeline->Illuminate\\Pipeline\\{closure}()
#22 /opt/lampp/htdocs/chalenge/app/Http/Middleware/ExampleMiddleware.php(18): Laravel\\Lumen\\Routing\\Pipeline->Laravel\\Lumen\\Routing\\{closure}()
#23 /opt/lampp/htdocs/chalenge/vendor/illuminate/pipeline/Pipeline.php(167): App\\Http\\Middleware\\ExampleMiddleware->handle()
#24 /opt/lampp/htdocs/chalenge/vendor/laravel/lumen-framework/src/Routing/Pipeline.php(30): Illuminate\\Pipeline\\Pipeline->Illuminate\\Pipeline\\{closure}()
#25 /opt/lampp/htdocs/chalenge/vendor/illuminate/pipeline/Pipeline.php(103): Laravel\\Lumen\\Routing\\Pipeline->Laravel\\Lumen\\Routing\\{closure}()
#26 /opt/lampp/htdocs/chalenge/vendor/laravel/lumen-framework/src/Concerns/RoutesRequests.php(426): Illuminate\\Pipeline\\Pipeline->then()
#27 /opt/lampp/htdocs/chalenge/vendor/laravel/lumen-framework/src/Concerns/RoutesRequests.php(175): Laravel\\Lumen\\Application->sendThroughPipeline()
#28 /opt/lampp/htdocs/chalenge/vendor/laravel/lumen-framework/src/Concerns/RoutesRequests.php(112): Laravel\\Lumen\\Application->dispatch()
#29 /opt/lampp/htdocs/chalenge/public/index.php(28): Laravel\\Lumen\\Application->run()
#30 {main}
"} 
[2022-03-10 21:58:51] local.ERROR: Unable to resolve dependency [Parameter #1 [ <required> $id ]] in class App\Http\Controllers\DateEntreController {"exception":"[object] (Illuminate\\Contracts\\Container\\BindingResolutionException(code: 0): Unable to resolve dependency [Parameter #1 [ <required> $id ]] in class App\\Http\\Controllers\\DateEntreController at /opt/lampp/htdocs/chalenge/vendor/illuminate/container/BoundMethod.php:190)
[stacktrace]
#0 /opt/lampp/htdocs/chalenge/vendor/illuminate/container/BoundMethod.php(124): Illuminate\\Container\\BoundMethod::addDependencyForCallParameter()
#1 /opt/lampp/htdocs/chalenge/vendor/illuminate/container/BoundMethod.php(36): Illuminate\\Container\\BoundMethod::getMethodDependencies()
#2 /opt/lampp/htdocs/chalenge/vendor/illuminate/container/Util.php(40): Illuminate\\Container\\BoundMethod::Illuminate\\Container\\{closure}()
#3 /opt/lampp/htdocs/chalenge/vendor/illuminate/container/BoundMethod.php(93): Illuminate\\Container\\Util::unwrapIfClosure()
#4 /opt/lampp/htdocs/chalenge/vendor/illuminate/container/BoundMethod.php(37): Illuminate\\Container\\BoundMethod::callBoundMethod()
#5 /opt/lampp/htdocs/chalenge/vendor/illuminate/container/Container.php(653): Illuminate\\Container\\BoundMethod::call()
#6 /opt/lampp/htdocs/chalenge/vendor/laravel/lumen-framework/src/Concerns/RoutesRequests.php(389): Illuminate\\Container\\Container->call()
#7 /opt/lampp/htdocs/chalenge/vendor/laravel/lumen-framework/src/Concerns/RoutesRequests.php(355): Laravel\\Lumen\\Application->callControllerCallable()
#8 /opt/lampp/htdocs/chalenge/vendor/laravel/lumen-framework/src/Concerns/RoutesRequests.php(329): Laravel\\Lumen\\Application->callLumenController()
#9 /opt/lampp/htdocs/chalenge/vendor/laravel/lumen-framework/src/Concerns/RoutesRequests.php(282): Laravel\\Lumen\\Application->callControllerAction()
#10 /opt/lampp/htdocs/chalenge/vendor/laravel/lumen-framework/src/Concerns/RoutesRequests.php(267): Laravel\\Lumen\\Application->callActionOnArrayBasedRoute()
#11 /opt/lampp/htdocs/chalenge/vendor/laravel/lumen-framework/src/Concerns/RoutesRequests.php(169): Laravel\\Lumen\\Application->handleFoundRoute()
#12 /opt/lampp/htdocs/chalenge/vendor/laravel/lumen-framework/src/Routing/Pipeline.php(48): Laravel\\Lumen\\Application->Laravel\\Lumen\\Concerns\\{closure}()
#13 /opt/lampp/htdocs/chalenge/app/Http/Middleware/CORS.php(32): Laravel\\Lumen\\Routing\\Pipeline->Laravel\\Lumen\\Routing\\{closure}()
#14 /opt/lampp/htdocs/chalenge/vendor/illuminate/pipeline/Pipeline.php(167): App\\Http\\Middleware\\CORS->handle()
#15 /opt/lampp/htdocs/chalenge/vendor/laravel/lumen-framework/src/Routing/Pipeline.php(30): Illuminate\\Pipeline\\Pipeline->Illuminate\\Pipeline\\{closure}()
#16 /opt/lampp/htdocs/chalenge/app/Http/Middleware/ExampleMiddleware.php(18): Laravel\\Lumen\\Routing\\Pipeline->Laravel\\Lumen\\Routing\\{closure}()
#17 /opt/lampp/htdocs/chalenge/vendor/illuminate/pipeline/Pipeline.php(167): App\\Http\\Middleware\\ExampleMiddleware->handle()
#18 /opt/lampp/htdocs/chalenge/vendor/laravel/lumen-framework/src/Routing/Pipeline.php(30): Illuminate\\Pipeline\\Pipeline->Illuminate\\Pipeline\\{closure}()
#19 /opt/lampp/htdocs/chalenge/vendor/illuminate/pipeline/Pipeline.php(103): Laravel\\Lumen\\Routing\\Pipeline->Laravel\\Lumen\\Routing\\{closure}()
#20 /opt/lampp/htdocs/chalenge/vendor/laravel/lumen-framework/src/Concerns/RoutesRequests.php(426): Illuminate\\Pipeline\\Pipeline->then()
#21 /opt/lampp/htdocs/chalenge/vendor/laravel/lumen-framework/src/Concerns/RoutesRequests.php(175): Laravel\\Lumen\\Application->sendThroughPipeline()
#22 /opt/lampp/htdocs/chalenge/vendor/laravel/lumen-framework/src/Concerns/RoutesRequests.php(112): Laravel\\Lumen\\Application->dispatch()
#23 /opt/lampp/htdocs/chalenge/public/index.php(28): Laravel\\Lumen\\Application->run()
#24 {main}
"} 
[2022-03-10 22:04:12] local.ERROR: Class "App\Http\Controllers\Carbon" not found {"exception":"[object] (Error(code: 0): Class \"App\\Http\\Controllers\\Carbon\" not found at /opt/lampp/htdocs/chalenge/app/Http/Controllers/DateSortieController.php:30)
[stacktrace]
#0 /opt/lampp/htdocs/chalenge/vendor/illuminate/container/BoundMethod.php(36): App\\Http\\Controllers\\DateSortieController->store()
#1 /opt/lampp/htdocs/chalenge/vendor/illuminate/container/Util.php(40): Illuminate\\Container\\BoundMethod::Illuminate\\Container\\{closure}()
#2 /opt/lampp/htdocs/chalenge/vendor/illuminate/container/BoundMethod.php(93): Illuminate\\Container\\Util::unwrapIfClosure()
#3 /opt/lampp/htdocs/chalenge/vendor/illuminate/container/BoundMethod.php(37): Illuminate\\Container\\BoundMethod::callBoundMethod()
#4 /opt/lampp/htdocs/chalenge/vendor/illuminate/container/Container.php(653): Illuminate\\Container\\BoundMethod::call()
#5 /opt/lampp/htdocs/chalenge/vendor/laravel/lumen-framework/src/Concerns/RoutesRequests.php(389): Illuminate\\Container\\Container->call()
#6 /opt/lampp/htdocs/chalenge/vendor/laravel/lumen-framework/src/Concerns/RoutesRequests.php(355): Laravel\\Lumen\\Application->callControllerCallable()
#7 /opt/lampp/htdocs/chalenge/vendor/laravel/lumen-framework/src/Concerns/RoutesRequests.php(329): Laravel\\Lumen\\Application->callLumenController()
#8 /opt/lampp/htdocs/chalenge/vendor/laravel/lumen-framework/src/Concerns/RoutesRequests.php(282): Laravel\\Lumen\\Application->callControllerAction()
#9 /opt/lampp/htdocs/chalenge/vendor/laravel/lumen-framework/src/Concerns/RoutesRequests.php(267): Laravel\\Lumen\\Application->callActionOnArrayBasedRoute()
#10 /opt/lampp/htdocs/chalenge/vendor/laravel/lumen-framework/src/Concerns/RoutesRequests.php(169): Laravel\\Lumen\\Application->handleFoundRoute()
#11 /opt/lampp/htdocs/chalenge/vendor/laravel/lumen-framework/src/Routing/Pipeline.php(48): Laravel\\Lumen\\Application->Laravel\\Lumen\\Concerns\\{closure}()
#12 /opt/lampp/htdocs/chalenge/app/Http/Middleware/CORS.php(32): Laravel\\Lumen\\Routing\\Pipeline->Laravel\\Lumen\\Routing\\{closure}()
#13 /opt/lampp/htdocs/chalenge/vendor/illuminate/pipeline/Pipeline.php(167): App\\Http\\Middleware\\CORS->handle()
#14 /opt/lampp/htdocs/chalenge/vendor/laravel/lumen-framework/src/Routing/Pipeline.php(30): Illuminate\\Pipeline\\Pipeline->Illuminate\\Pipeline\\{closure}()
#15 /opt/lampp/htdocs/chalenge/app/Http/Middleware/ExampleMiddleware.php(18): Laravel\\Lumen\\Routing\\Pipeline->Laravel\\Lumen\\Routing\\{closure}()
#16 /opt/lampp/htdocs/chalenge/vendor/illuminate/pipeline/Pipeline.php(167): App\\Http\\Middleware\\ExampleMiddleware->handle()
#17 /opt/lampp/htdocs/chalenge/vendor/laravel/lumen-framework/src/Routing/Pipeline.php(30): Illuminate\\Pipeline\\Pipeline->Illuminate\\Pipeline\\{closure}()
#18 /opt/lampp/htdocs/chalenge/vendor/illuminate/pipeline/Pipeline.php(103): Laravel\\Lumen\\Routing\\Pipeline->Laravel\\Lumen\\Routing\\{closure}()
#19 /opt/lampp/htdocs/chalenge/vendor/laravel/lumen-framework/src/Concerns/RoutesRequests.php(426): Illuminate\\Pipeline\\Pipeline->then()
#20 /opt/lampp/htdocs/chalenge/vendor/laravel/lumen-framework/src/Concerns/RoutesRequests.php(175): Laravel\\Lumen\\Application->sendThroughPipeline()
#21 /opt/lampp/htdocs/chalenge/vendor/laravel/lumen-framework/src/Concerns/RoutesRequests.php(112): Laravel\\Lumen\\Application->dispatch()
#22 /opt/lampp/htdocs/chalenge/public/index.php(28): Laravel\\Lumen\\Application->run()
#23 {main}
"} 
[2022-03-10 22:04:49] local.ERROR: SQLSTATE[42703]: Undefined column: 7 ERROR:  column "date_E" of relation "date_sorties" does not exist
LINE 1: insert into "date_sorties" ("parent_id", "date_E", "updated_...
                                                 ^ (SQL: insert into "date_sorties" ("parent_id", "date_E", "updated_at", "created_at") values (6, 2022-03-10 22:04:49, 2022-03-10 22:04:49, 2022-03-10 22:04:49) returning "id") {"exception":"[object] (Illuminate\\Database\\QueryException(code: 42703): SQLSTATE[42703]: Undefined column: 7 ERROR:  column \"date_E\" of relation \"date_sorties\" does not exist
LINE 1: insert into \"date_sorties\" (\"parent_id\", \"date_E\", \"updated_...
                                                 ^ (SQL: insert into \"date_sorties\" (\"parent_id\", \"date_E\", \"updated_at\", \"created_at\") values (6, 2022-03-10 22:04:49, 2022-03-10 22:04:49, 2022-03-10 22:04:49) returning \"id\") at /opt/lampp/htdocs/chalenge/vendor/illuminate/database/Connection.php:712)
[stacktrace]
#0 /opt/lampp/htdocs/chalenge/vendor/illuminate/database/Connection.php(672): Illuminate\\Database\\Connection->runQueryCallback()
#1 /opt/lampp/htdocs/chalenge/vendor/illuminate/database/Connection.php(376): Illuminate\\Database\\Connection->run()
#2 /opt/lampp/htdocs/chalenge/vendor/illuminate/database/Connection.php(346): Illuminate\\Database\\Connection->select()
#3 /opt/lampp/htdocs/chalenge/vendor/illuminate/database/Query/Processors/PostgresProcessor.php(24): Illuminate\\Database\\Connection->selectFromWriteConnection()
#4 /opt/lampp/htdocs/chalenge/vendor/illuminate/database/Query/Builder.php(3028): Illuminate\\Database\\Query\\Processors\\PostgresProcessor->processInsertGetId()
#5 /opt/lampp/htdocs/chalenge/vendor/illuminate/database/Eloquent/Builder.php(1657): Illuminate\\Database\\Query\\Builder->insertGetId()
#6 /opt/lampp/htdocs/chalenge/vendor/illuminate/database/Eloquent/Model.php(1188): Illuminate\\Database\\Eloquent\\Builder->__call()
#7 /opt/lampp/htdocs/chalenge/vendor/illuminate/database/Eloquent/Model.php(1153): Illuminate\\Database\\Eloquent\\Model->insertAndSetId()
#8 /opt/lampp/htdocs/chalenge/vendor/illuminate/database/Eloquent/Model.php(994): Illuminate\\Database\\Eloquent\\Model->performInsert()
#9 /opt/lampp/htdocs/chalenge/app/Http/Controllers/DateSortieController.php(32): Illuminate\\Database\\Eloquent\\Model->save()
#10 /opt/lampp/htdocs/chalenge/vendor/illuminate/container/BoundMethod.php(36): App\\Http\\Controllers\\DateSortieController->store()
#11 /opt/lampp/htdocs/chalenge/vendor/illuminate/container/Util.php(40): Illuminate\\Container\\BoundMethod::Illuminate\\Container\\{closure}()
#12 /opt/lampp/htdocs/chalenge/vendor/illuminate/container/BoundMethod.php(93): Illuminate\\Container\\Util::unwrapIfClosure()
#13 /opt/lampp/htdocs/chalenge/vendor/illuminate/container/BoundMethod.php(37): Illuminate\\Container\\BoundMethod::callBoundMethod()
#14 /opt/lampp/htdocs/chalenge/vendor/illuminate/container/Container.php(653): Illuminate\\Container\\BoundMethod::call()
#15 /opt/lampp/htdocs/chalenge/vendor/laravel/lumen-framework/src/Concerns/RoutesRequests.php(389): Illuminate\\Container\\Container->call()
#16 /opt/lampp/htdocs/chalenge/vendor/laravel/lumen-framework/src/Concerns/RoutesRequests.php(355): Laravel\\Lumen\\Application->callControllerCallable()
#17 /opt/lampp/htdocs/chalenge/vendor/laravel/lumen-framework/src/Concerns/RoutesRequests.php(329): Laravel\\Lumen\\Application->callLumenController()
#18 /opt/lampp/htdocs/chalenge/vendor/laravel/lumen-framework/src/Concerns/RoutesRequests.php(282): Laravel\\Lumen\\Application->callControllerAction()
#19 /opt/lampp/htdocs/chalenge/vendor/laravel/lumen-framework/src/Concerns/RoutesRequests.php(267): Laravel\\Lumen\\Application->callActionOnArrayBasedRoute()
#20 /opt/lampp/htdocs/chalenge/vendor/laravel/lumen-framework/src/Concerns/RoutesRequests.php(169): Laravel\\Lumen\\Application->handleFoundRoute()
#21 /opt/lampp/htdocs/chalenge/vendor/laravel/lumen-framework/src/Routing/Pipeline.php(48): Laravel\\Lumen\\Application->Laravel\\Lumen\\Concerns\\{closure}()
#22 /opt/lampp/htdocs/chalenge/app/Http/Middleware/CORS.php(32): Laravel\\Lumen\\Routing\\Pipeline->Laravel\\Lumen\\Routing\\{closure}()
#23 /opt/lampp/htdocs/chalenge/vendor/illuminate/pipeline/Pipeline.php(167): App\\Http\\Middleware\\CORS->handle()
#24 /opt/lampp/htdocs/chalenge/vendor/laravel/lumen-framework/src/Routing/Pipeline.php(30): Illuminate\\Pipeline\\Pipeline->Illuminate\\Pipeline\\{closure}()
#25 /opt/lampp/htdocs/chalenge/app/Http/Middleware/ExampleMiddleware.php(18): Laravel\\Lumen\\Routing\\Pipeline->Laravel\\Lumen\\Routing\\{closure}()
#26 /opt/lampp/htdocs/chalenge/vendor/illuminate/pipeline/Pipeline.php(167): App\\Http\\Middleware\\ExampleMiddleware->handle()
#27 /opt/lampp/htdocs/chalenge/vendor/laravel/lumen-framework/src/Routing/Pipeline.php(30): Illuminate\\Pipeline\\Pipeline->Illuminate\\Pipeline\\{closure}()
#28 /opt/lampp/htdocs/chalenge/vendor/illuminate/pipeline/Pipeline.php(103): Laravel\\Lumen\\Routing\\Pipeline->Laravel\\Lumen\\Routing\\{closure}()
#29 /opt/lampp/htdocs/chalenge/vendor/laravel/lumen-framework/src/Concerns/RoutesRequests.php(426): Illuminate\\Pipeline\\Pipeline->then()
#30 /opt/lampp/htdocs/chalenge/vendor/laravel/lumen-framework/src/Concerns/RoutesRequests.php(175): Laravel\\Lumen\\Application->sendThroughPipeline()
#31 /opt/lampp/htdocs/chalenge/vendor/laravel/lumen-framework/src/Concerns/RoutesRequests.php(112): Laravel\\Lumen\\Application->dispatch()
#32 /opt/lampp/htdocs/chalenge/public/index.php(28): Laravel\\Lumen\\Application->run()
#33 {main}

[previous exception] [object] (PDOException(code: 42703): SQLSTATE[42703]: Undefined column: 7 ERROR:  column \"date_E\" of relation \"date_sorties\" does not exist
LINE 1: insert into \"date_sorties\" (\"parent_id\", \"date_E\", \"updated_...
                                                 ^ at /opt/lampp/htdocs/chalenge/vendor/illuminate/database/Connection.php:373)
[stacktrace]
#0 /opt/lampp/htdocs/chalenge/vendor/illuminate/database/Connection.php(373): PDOStatement->execute()
#1 /opt/lampp/htdocs/chalenge/vendor/illuminate/database/Connection.php(705): Illuminate\\Database\\Connection->Illuminate\\Database\\{closure}()
#2 /opt/lampp/htdocs/chalenge/vendor/illuminate/database/Connection.php(672): Illuminate\\Database\\Connection->runQueryCallback()
#3 /opt/lampp/htdocs/chalenge/vendor/illuminate/database/Connection.php(376): Illuminate\\Database\\Connection->run()
#4 /opt/lampp/htdocs/chalenge/vendor/illuminate/database/Connection.php(346): Illuminate\\Database\\Connection->select()
#5 /opt/lampp/htdocs/chalenge/vendor/illuminate/database/Query/Processors/PostgresProcessor.php(24): Illuminate\\Database\\Connection->selectFromWriteConnection()
#6 /opt/lampp/htdocs/chalenge/vendor/illuminate/database/Query/Builder.php(3028): Illuminate\\Database\\Query\\Processors\\PostgresProcessor->processInsertGetId()
#7 /opt/lampp/htdocs/chalenge/vendor/illuminate/database/Eloquent/Builder.php(1657): Illuminate\\Database\\Query\\Builder->insertGetId()
#8 /opt/lampp/htdocs/chalenge/vendor/illuminate/database/Eloquent/Model.php(1188): Illuminate\\Database\\Eloquent\\Builder->__call()
#9 /opt/lampp/htdocs/chalenge/vendor/illuminate/database/Eloquent/Model.php(1153): Illuminate\\Database\\Eloquent\\Model->insertAndSetId()
#10 /opt/lampp/htdocs/chalenge/vendor/illuminate/database/Eloquent/Model.php(994): Illuminate\\Database\\Eloquent\\Model->performInsert()
#11 /opt/lampp/htdocs/chalenge/app/Http/Controllers/DateSortieController.php(32): Illuminate\\Database\\Eloquent\\Model->save()
#12 /opt/lampp/htdocs/chalenge/vendor/illuminate/container/BoundMethod.php(36): App\\Http\\Controllers\\DateSortieController->store()
#13 /opt/lampp/htdocs/chalenge/vendor/illuminate/container/Util.php(40): Illuminate\\Container\\BoundMethod::Illuminate\\Container\\{closure}()
#14 /opt/lampp/htdocs/chalenge/vendor/illuminate/container/BoundMethod.php(93): Illuminate\\Container\\Util::unwrapIfClosure()
#15 /opt/lampp/htdocs/chalenge/vendor/illuminate/container/BoundMethod.php(37): Illuminate\\Container\\BoundMethod::callBoundMethod()
#16 /opt/lampp/htdocs/chalenge/vendor/illuminate/container/Container.php(653): Illuminate\\Container\\BoundMethod::call()
#17 /opt/lampp/htdocs/chalenge/vendor/laravel/lumen-framework/src/Concerns/RoutesRequests.php(389): Illuminate\\Container\\Container->call()
#18 /opt/lampp/htdocs/chalenge/vendor/laravel/lumen-framework/src/Concerns/RoutesRequests.php(355): Laravel\\Lumen\\Application->callControllerCallable()
#19 /opt/lampp/htdocs/chalenge/vendor/laravel/lumen-framework/src/Concerns/RoutesRequests.php(329): Laravel\\Lumen\\Application->callLumenController()
#20 /opt/lampp/htdocs/chalenge/vendor/laravel/lumen-framework/src/Concerns/RoutesRequests.php(282): Laravel\\Lumen\\Application->callControllerAction()
#21 /opt/lampp/htdocs/chalenge/vendor/laravel/lumen-framework/src/Concerns/RoutesRequests.php(267): Laravel\\Lumen\\Application->callActionOnArrayBasedRoute()
#22 /opt/lampp/htdocs/chalenge/vendor/laravel/lumen-framework/src/Concerns/RoutesRequests.php(169): Laravel\\Lumen\\Application->handleFoundRoute()
#23 /opt/lampp/htdocs/chalenge/vendor/laravel/lumen-framework/src/Routing/Pipeline.php(48): Laravel\\Lumen\\Application->Laravel\\Lumen\\Concerns\\{closure}()
#24 /opt/lampp/htdocs/chalenge/app/Http/Middleware/CORS.php(32): Laravel\\Lumen\\Routing\\Pipeline->Laravel\\Lumen\\Routing\\{closure}()
#25 /opt/lampp/htdocs/chalenge/vendor/illuminate/pipeline/Pipeline.php(167): App\\Http\\Middleware\\CORS->handle()
#26 /opt/lampp/htdocs/chalenge/vendor/laravel/lumen-framework/src/Routing/Pipeline.php(30): Illuminate\\Pipeline\\Pipeline->Illuminate\\Pipeline\\{closure}()
#27 /opt/lampp/htdocs/chalenge/app/Http/Middleware/ExampleMiddleware.php(18): Laravel\\Lumen\\Routing\\Pipeline->Laravel\\Lumen\\Routing\\{closure}()
#28 /opt/lampp/htdocs/chalenge/vendor/illuminate/pipeline/Pipeline.php(167): App\\Http\\Middleware\\ExampleMiddleware->handle()
#29 /opt/lampp/htdocs/chalenge/vendor/laravel/lumen-framework/src/Routing/Pipeline.php(30): Illuminate\\Pipeline\\Pipeline->Illuminate\\Pipeline\\{closure}()
#30 /opt/lampp/htdocs/chalenge/vendor/illuminate/pipeline/Pipeline.php(103): Laravel\\Lumen\\Routing\\Pipeline->Laravel\\Lumen\\Routing\\{closure}()
#31 /opt/lampp/htdocs/chalenge/vendor/laravel/lumen-framework/src/Concerns/RoutesRequests.php(426): Illuminate\\Pipeline\\Pipeline->then()
#32 /opt/lampp/htdocs/chalenge/vendor/laravel/lumen-framework/src/Concerns/RoutesRequests.php(175): Laravel\\Lumen\\Application->sendThroughPipeline()
#33 /opt/lampp/htdocs/chalenge/vendor/laravel/lumen-framework/src/Concerns/RoutesRequests.php(112): Laravel\\Lumen\\Application->dispatch()
#34 /opt/lampp/htdocs/chalenge/public/index.php(28): Laravel\\Lumen\\Application->run()
#35 {main}
"} 
